<?xml version="1.0" encoding="UTF-8"?>
<testsuite xmlns:xsi="http://www.w3.org/2001/XMLSchema-instance" xsi:noNamespaceSchemaLocation="https://maven.apache.org/surefire/maven-surefire-plugin/xsd/surefire-test-report-3.0.xsd" version="3.0" name="edu.moravian.MultipleChoiceQuestionTest" time="0.002" tests="4" errors="0" skipped="0" failures="0">
  <properties>
[...]
</properties>
  <testcase name="testGetRoleForOptionValidIndex" classname="edu.moravian.MultipleChoiceQuestionTest" time="0.0"/>
  <testcase name="testGetOptions" classname="edu.moravian.MultipleChoiceQuestionTest" time="0.001"/>
  <testcase name="testGetText" classname="edu.moravian.MultipleChoiceQuestionTest" time="0.0"/>
  <testcase name="testConstructorValidInputs" classname="edu.moravian.MultipleChoiceQuestionTest" time="0.0"/>
</testsuite>